[2022-11-10T10:29:16.768] [ERROR] error - La contraseña no coincide
[2022-11-10T10:30:09.221] [ERROR] error - La contraseña no coincide
[2022-11-10T10:38:15.540] [ERROR] error - La contraseña no coincide
[2022-11-10T10:45:22.638] [ERROR] error - Error: Nombre de usuario en uso. Agregar otro nombre...
    at asegurarNombreUnico (file:///C:/Users/jorge/Desktop/BackEnd-Normalizr-main/API/Usuario.js:8:15)
    at processTicksAndRejections (node:internal/process/task_queues:96:5)
    at async Strategy._verify (file:///C:/Users/jorge/Desktop/BackEnd-Normalizr-main/middleware/passportStrategies.js:17:11)
[2022-11-10T10:49:58.757] [ERROR] error - Error: Nombre de usuario en uso. Agregar otro nombre...
    at asegurarNombreUnico (file:///C:/Users/jorge/Desktop/BackEnd-Normalizr-main/API/Usuario.js:8:15)
    at processTicksAndRejections (node:internal/process/task_queues:96:5)
    at async Strategy._verify (file:///C:/Users/jorge/Desktop/BackEnd-Normalizr-main/middleware/passportStrategies.js:17:11)
[2022-11-10T10:50:10.371] [ERROR] error - La contraseña no coincide
[2022-11-10T10:50:29.604] [ERROR] error - No se encontro ningun usuario
[2022-11-12T17:10:06.182] [ERROR] error - La contraseña no coincide
[2022-11-13T17:19:23.808] [ERROR] error - Error: Nombre de usuario en uso. Agregar otro nombre...
    at asegurarNombreUnico (file:///C:/Users/jorge/Desktop/BackEnd-Normalizr-main/API/Usuario.js:8:15)
    at runMicrotasks (<anonymous>)
    at processTicksAndRejections (node:internal/process/task_queues:96:5)
    at async Strategy._verify (file:///C:/Users/jorge/Desktop/BackEnd-Normalizr-main/middleware/passportStrategies.js:17:11)
[2022-11-13T17:19:46.547] [ERROR] error - Error: Nombre de usuario en uso. Agregar otro nombre...
    at asegurarNombreUnico (file:///C:/Users/jorge/Desktop/BackEnd-Normalizr-main/API/Usuario.js:8:15)
    at runMicrotasks (<anonymous>)
    at processTicksAndRejections (node:internal/process/task_queues:96:5)
    at async Strategy._verify (file:///C:/Users/jorge/Desktop/BackEnd-Normalizr-main/middleware/passportStrategies.js:17:11)
[2022-11-13T17:21:17.654] [ERROR] error - Error: Nombre de usuario en uso. Agregar otro nombre...
    at asegurarNombreUnico (file:///C:/Users/jorge/Desktop/BackEnd-Normalizr-main/API/Usuario.js:8:15)
    at runMicrotasks (<anonymous>)
    at processTicksAndRejections (node:internal/process/task_queues:96:5)
    at async Strategy._verify (file:///C:/Users/jorge/Desktop/BackEnd-Normalizr-main/middleware/passportStrategies.js:17:11)
[2022-11-13T17:21:58.018] [ERROR] error - La contraseña no coincide
[2022-11-13T17:55:09.478] [ERROR] error - Error: Nombre de usuario en uso. Agregar otro nombre...
    at asegurarNombreUnico (file:///C:/Users/jorge/Desktop/BackEnd-Normalizr-main/API/Usuario.js:8:15)
    at runMicrotasks (<anonymous>)
    at processTicksAndRejections (node:internal/process/task_queues:96:5)
    at async Strategy._verify (file:///C:/Users/jorge/Desktop/BackEnd-Normalizr-main/middleware/passportStrategies.js:17:11)
[2022-11-13T18:05:14.129] [ERROR] error - La contraseña no coincide
[2022-11-13T18:05:22.058] [ERROR] error - Error: Nombre de usuario en uso. Agregar otro nombre...
    at asegurarNombreUnico (file:///C:/Users/jorge/Desktop/BackEnd-Normalizr-main/API/Usuario.js:8:15)
    at runMicrotasks (<anonymous>)
    at processTicksAndRejections (node:internal/process/task_queues:96:5)
    at async Strategy._verify (file:///C:/Users/jorge/Desktop/BackEnd-Normalizr-main/middleware/passportStrategies.js:17:11)
[2022-11-13T18:06:36.183] [ERROR] error - Error: Nombre de usuario en uso. Agregar otro nombre...
    at asegurarNombreUnico (file:///C:/Users/jorge/Desktop/BackEnd-Normalizr-main/API/Usuario.js:8:15)
    at runMicrotasks (<anonymous>)
    at processTicksAndRejections (node:internal/process/task_queues:96:5)
    at async Strategy._verify (file:///C:/Users/jorge/Desktop/BackEnd-Normalizr-main/middleware/passportStrategies.js:17:11)
[2022-11-13T18:06:59.115] [ERROR] error - Error: Nombre de usuario en uso. Agregar otro nombre...
    at asegurarNombreUnico (file:///C:/Users/jorge/Desktop/BackEnd-Normalizr-main/API/Usuario.js:8:15)
    at runMicrotasks (<anonymous>)
    at processTicksAndRejections (node:internal/process/task_queues:96:5)
    at async Strategy._verify (file:///C:/Users/jorge/Desktop/BackEnd-Normalizr-main/middleware/passportStrategies.js:17:11)
[2022-11-13T18:08:07.599] [ERROR] error - Error: Nombre de usuario en uso. Agregar otro nombre...
    at asegurarNombreUnico (file:///C:/Users/jorge/Desktop/BackEnd-Normalizr-main/API/Usuario.js:8:15)
    at runMicrotasks (<anonymous>)
    at processTicksAndRejections (node:internal/process/task_queues:96:5)
    at async Strategy._verify (file:///C:/Users/jorge/Desktop/BackEnd-Normalizr-main/middleware/passportStrategies.js:17:11)
[2022-11-13T18:08:13.296] [ERROR] error - La contraseña no coincide
[2022-11-13T18:08:42.872] [ERROR] error - La contraseña no coincide
[2022-11-13T18:08:50.070] [ERROR] error - Error: Nombre de usuario en uso. Agregar otro nombre...
    at asegurarNombreUnico (file:///C:/Users/jorge/Desktop/BackEnd-Normalizr-main/API/Usuario.js:8:15)
    at runMicrotasks (<anonymous>)
    at processTicksAndRejections (node:internal/process/task_queues:96:5)
    at async Strategy._verify (file:///C:/Users/jorge/Desktop/BackEnd-Normalizr-main/middleware/passportStrategies.js:17:11)
[2022-11-13T18:09:07.474] [ERROR] error - Error: Nombre de usuario en uso. Agregar otro nombre...
    at asegurarNombreUnico (file:///C:/Users/jorge/Desktop/BackEnd-Normalizr-main/API/Usuario.js:8:15)
    at runMicrotasks (<anonymous>)
    at processTicksAndRejections (node:internal/process/task_queues:96:5)
    at async Strategy._verify (file:///C:/Users/jorge/Desktop/BackEnd-Normalizr-main/middleware/passportStrategies.js:17:11)
[2022-11-13T18:09:33.117] [ERROR] error - Error: Nombre de usuario en uso. Agregar otro nombre...
    at asegurarNombreUnico (file:///C:/Users/jorge/Desktop/BackEnd-Normalizr-main/API/Usuario.js:8:15)
    at runMicrotasks (<anonymous>)
    at processTicksAndRejections (node:internal/process/task_queues:96:5)
    at async Strategy._verify (file:///C:/Users/jorge/Desktop/BackEnd-Normalizr-main/middleware/passportStrategies.js:17:11)
[2022-11-13T18:13:20.813] [ERROR] error - La contraseña no coincide
[2022-11-13T18:14:12.210] [ERROR] error - Error: Nombre de usuario en uso. Agregar otro nombre...
    at asegurarNombreUnico (file:///C:/Users/jorge/Desktop/BackEnd-Normalizr-main/API/Usuario.js:8:15)
    at runMicrotasks (<anonymous>)
    at processTicksAndRejections (node:internal/process/task_queues:96:5)
    at async Strategy._verify (file:///C:/Users/jorge/Desktop/BackEnd-Normalizr-main/middleware/passportStrategies.js:17:11)
[2022-11-14T08:45:06.566] [ERROR] error - Error: Nombre de usuario en uso. Agregar otro nombre...
    at asegurarNombreUnico (file:///C:/Users/jorge/Desktop/BackEnd-Normalizr-main/API/Usuario.js:8:15)
    at processTicksAndRejections (node:internal/process/task_queues:96:5)
    at async Strategy._verify (file:///C:/Users/jorge/Desktop/BackEnd-Normalizr-main/middleware/passportStrategies.js:17:11)
[2022-11-14T08:45:15.085] [ERROR] error - La contraseña no coincide
[2022-11-14T12:59:57.710] [ERROR] error - Error: listen EADDRINUSE: address already in use :::8080
    at Server.setupListenHandle [as _listen2] (node:net:1330:16)
    at listenInCluster (node:net:1378:12)
    at Server.listen (node:net:1465:7)
    at crearServidor (file:///C:/Users/jorge/Desktop/BackEnd-Normalizr-main/src/server.js:36:29)
    at inicio (file:///C:/Users/jorge/Desktop/BackEnd-Normalizr-main/recurso/InicializacionServidor.js:28:9)
    at file:///C:/Users/jorge/Desktop/BackEnd-Normalizr-main/recurso/InicializacionServidor.js:32:1
    at ModuleJob.run (node:internal/modules/esm/module_job:197:25)
    at async Promise.all (index 0)
    at async ESMLoader.import (node:internal/modules/esm/loader:337:24)
    at async loadESM (node:internal/process/esm_loader:88:5) {
  code: 'EADDRINUSE',
  errno: -4091,
  syscall: 'listen',
  address: '::',
  port: 8080
}
[2022-11-14T13:00:16.587] [ERROR] error - Error: listen EADDRINUSE: address already in use :::8080
    at Server.setupListenHandle [as _listen2] (node:net:1330:16)
    at listenInCluster (node:net:1378:12)
    at Server.listen (node:net:1465:7)
    at crearServidor (file:///C:/Users/jorge/Desktop/BackEnd-Normalizr-main/src/server.js:36:29)
    at inicio (file:///C:/Users/jorge/Desktop/BackEnd-Normalizr-main/recurso/InicializacionServidor.js:28:9)
    at file:///C:/Users/jorge/Desktop/BackEnd-Normalizr-main/recurso/InicializacionServidor.js:32:1
    at ModuleJob.run (node:internal/modules/esm/module_job:197:25)
    at async Promise.all (index 0)
    at async ESMLoader.import (node:internal/modules/esm/loader:337:24)
    at async loadESM (node:internal/process/esm_loader:88:5) {
  code: 'EADDRINUSE',
  errno: -4091,
  syscall: 'listen',
  address: '::',
  port: 8080
}
[2022-11-14T13:04:00.843] [ERROR] error - Error: listen EADDRINUSE: address already in use :::8080
    at Server.setupListenHandle [as _listen2] (node:net:1330:16)
    at listenInCluster (node:net:1378:12)
    at Server.listen (node:net:1465:7)
    at crearServidor (file:///C:/Users/jorge/Desktop/BackEnd-Normalizr-main/src/server.js:36:29)
    at inicio (file:///C:/Users/jorge/Desktop/BackEnd-Normalizr-main/recurso/InicializacionServidor.js:28:9)
    at file:///C:/Users/jorge/Desktop/BackEnd-Normalizr-main/recurso/InicializacionServidor.js:32:1
    at ModuleJob.run (node:internal/modules/esm/module_job:197:25)
    at async Promise.all (index 0)
    at async ESMLoader.import (node:internal/modules/esm/loader:337:24)
    at async loadESM (node:internal/process/esm_loader:88:5) {
  code: 'EADDRINUSE',
  errno: -4091,
  syscall: 'listen',
  address: '::',
  port: 8080
}
[2022-11-15T09:38:59.629] [ERROR] error - Error: Nombre de usuario en uso. Agregar otro nombre...
    at asegurarNombreUnico (file:///C:/Users/jorge/Desktop/BackEnd-Normalizr-main/API/Usuario.js:8:15)
    at processTicksAndRejections (node:internal/process/task_queues:96:5)
    at async Strategy._verify (file:///C:/Users/jorge/Desktop/BackEnd-Normalizr-main/middleware/passportStrategies.js:17:11)
