
[2022-11-10T12:52:49.518] [WARN] warn - Pagina requerida no existe. [ http://localhost:8080//hola ]
[2022-11-10T12:52:49.557] [WARN] warn - Pagina requerida no existe. [ http://localhost:8080//favicon.ico ]
[2022-11-10T12:53:01.442] [WARN] warn - Pagina requerida no existe. [ http://localhost:8080//hola ]
[2022-11-10T12:53:01.488] [WARN] warn - Pagina requerida no existe. [ http://localhost:8080//favicon.ico ]
[2022-11-10T13:36:18.488] [WARN] warn - Pagina requerida no existe. [ http://localhost:8080//auth/css/style.css ]
[2022-11-10T13:36:18.550] [WARN] warn - Pagina requerida no existe. [ http://localhost:8080//favicon.ico ]
[2022-11-10T13:36:23.490] [WARN] warn - Pagina requerida no existe. [ http://localhost:8080//favicon.ico ]
[2022-11-10T14:11:50.698] [WARN] warn - Pagina requerida no existe. [ http://localhost:8080//auth/css/style.css ]
[2022-11-10T14:11:50.785] [WARN] warn - Pagina requerida no existe. [ http://localhost:8080//favicon.ico ]
[2022-11-10T14:11:55.074] [WARN] warn - Pagina requerida no existe. [ http://localhost:8080//auth/css/style.css ]
[2022-11-10T14:11:55.094] [WARN] warn - Pagina requerida no existe. [ http://localhost:8080//favicon.ico ]
[2022-11-10T14:11:58.951] [WARN] warn - Pagina requerida no existe. [ http://localhost:8080//favicon.ico ]
[2022-11-10T14:15:12.441] [WARN] warn - Pagina requerida no existe. [ http://localhost:8080//auth/css/style.css ]
[2022-11-10T14:15:12.510] [WARN] warn - Pagina requerida no existe. [ http://localhost:8080//favicon.ico ]
[2022-11-10T14:15:16.601] [WARN] warn - Pagina requerida no existe. [ http://localhost:8080//favicon.ico ]
[2022-11-10T14:15:18.870] [WARN] warn - Pagina requerida no existe. [ http://localhost:8080//favicon.ico ]
[2022-11-10T14:15:26.746] [WARN] warn - Pagina requerida no existe. [ http://localhost:8080//favicon.ico ]
[2022-11-10T14:15:30.760] [WARN] warn - Pagina requerida no existe. [ http://localhost:8080//auth/css/style.css ]
[2022-11-10T14:15:30.776] [WARN] warn - Pagina requerida no existe. [ http://localhost:8080//favicon.ico ]
[2022-11-10T14:15:34.042] [WARN] warn - Pagina requerida no existe. [ http://localhost:8080//favicon.ico ]
[2022-11-10T14:15:37.144] [WARN] warn - Pagina requerida no existe. [ http://localhost:8080//favicon.ico ]
[2022-11-10T14:15:38.277] [WARN] warn - Pagina requerida no existe. [ http://localhost:8080//favicon.ico ]
[2022-11-10T14:15:40.354] [WARN] warn - Pagina requerida no existe. [ http://localhost:8080//favicon.ico ]
[2022-11-11T14:19:36.593] [WARN] warn - Pagina requerida no existe. [ http://localhost:8080//auth/css/style.css ]
[2022-11-11T14:19:36.737] [WARN] warn - Pagina requerida no existe. [ http://localhost:8080//favicon.ico ]
[2022-11-12T16:37:39.081] [WARN] warn - Pagina requerida no existe. [ http://localhost:8080//auth/css/style.css ]
[2022-11-12T16:37:39.231] [WARN] warn - Pagina requerida no existe. [ http://localhost:8080//favicon.ico ]
[2022-11-12T16:39:30.918] [WARN] warn - Pagina requerida no existe. [ http://localhost:8080//auth/css/style.css ]
[2022-11-12T16:39:30.952] [WARN] warn - Pagina requerida no existe. [ http://localhost:8080//favicon.ico ]
[2022-11-12T16:39:31.526] [WARN] warn - Pagina requerida no existe. [ http://localhost:8080//auth/css/style.css ]
[2022-11-12T16:39:31.549] [WARN] warn - Pagina requerida no existe. [ http://localhost:8080//favicon.ico ]
[2022-11-12T16:40:36.652] [WARN] warn - Pagina requerida no existe. [ http://localhost:8080//favicon.ico ]
[2022-11-12T16:40:37.243] [WARN] warn - Pagina requerida no existe. [ http://localhost:8080//favicon.ico ]
[2022-11-12T16:40:37.425] [WARN] warn - Pagina requerida no existe. [ http://localhost:8080//favicon.ico ]
[2022-11-12T16:40:37.604] [WARN] warn - Pagina requerida no existe. [ http://localhost:8080//favicon.ico ]
[2022-11-12T16:40:37.778] [WARN] warn - Pagina requerida no existe. [ http://localhost:8080//favicon.ico ]
[2022-11-12T16:40:37.915] [WARN] warn - Pagina requerida no existe. [ http://localhost:8080//favicon.ico ]
[2022-11-12T16:42:04.209] [WARN] warn - Pagina requerida no existe. [ http://localhost:8080//favicon.ico ]
[2022-11-12T16:42:04.842] [WARN] warn - Pagina requerida no existe. [ http://localhost:8080//favicon.ico ]
[2022-11-12T16:42:05.011] [WARN] warn - Pagina requerida no existe. [ http://localhost:8080//favicon.ico ]
[2022-11-12T16:42:05.230] [WARN] warn - Pagina requerida no existe. [ http://localhost:8080//favicon.ico ]
[2022-11-12T16:42:05.404] [WARN] warn - Pagina requerida no existe. [ http://localhost:8080//favicon.ico ]
[2022-11-12T16:42:05.610] [WARN] warn - Pagina requerida no existe. [ http://localhost:8080//favicon.ico ]
[2022-11-12T16:42:10.943] [WARN] warn - Pagina requerida no existe. [ http://localhost:8080//favicon.ico ]
[2022-11-12T16:42:11.443] [WARN] warn - Pagina requerida no existe. [ http://localhost:8080//favicon.ico ]
[2022-11-12T16:42:12.028] [WARN] warn - Pagina requerida no existe. [ http://localhost:8080//favicon.ico ]
[2022-11-12T16:42:12.345] [WARN] warn - Pagina requerida no existe. [ http://localhost:8080//favicon.ico ]
[2022-11-12T16:43:40.971] [WARN] warn - Pagina requerida no existe. [ http://localhost:8080//favicon.ico ]
[2022-11-12T16:45:08.631] [WARN] warn - Pagina requerida no existe. [ http://localhost:8080//favicon.ico ]
[2022-11-12T16:45:12.935] [WARN] warn - Pagina requerida no existe. [ http://localhost:8080//favicon.ico ]
[2022-11-12T16:46:11.442] [WARN] warn - Pagina requerida no existe. [ http://localhost:8080//favicon.ico ]
[2022-11-12T16:46:14.605] [WARN] warn - Pagina requerida no existe. [ http://localhost:8080//favicon.ico ]
[2022-11-12T16:47:10.455] [WARN] warn - Pagina requerida no existe. [ http://localhost:8080//favicon.ico ]
[2022-11-12T16:47:13.376] [WARN] warn - Pagina requerida no existe. [ http://localhost:8080//favicon.ico ]
[2022-11-12T16:47:15.163] [WARN] warn - Pagina requerida no existe. [ http://localhost:8080//auth/css/style.css ]
[2022-11-12T16:47:15.187] [WARN] warn - Pagina requerida no existe. [ http://localhost:8080//favicon.ico ]
[2022-11-12T16:47:45.460] [WARN] warn - Pagina requerida no existe. [ http://localhost:8080//auth/css/style.css ]
[2022-11-12T16:47:45.485] [WARN] warn - Pagina requerida no existe. [ http://localhost:8080//favicon.ico ]
[2022-11-12T16:48:46.815] [WARN] warn - Pagina requerida no existe. [ http://localhost:8080//auth/css/style.css ]
[2022-11-12T16:48:46.845] [WARN] warn - Pagina requerida no existe. [ http://localhost:8080//favicon.ico ]
[2022-11-12T16:48:47.346] [WARN] warn - Pagina requerida no existe. [ http://localhost:8080//auth/css/style.css ]
[2022-11-12T16:48:47.366] [WARN] warn - Pagina requerida no existe. [ http://localhost:8080//favicon.ico ]
[2022-11-12T16:48:47.527] [WARN] warn - Pagina requerida no existe. [ http://localhost:8080//auth/css/style.css ]
[2022-11-12T16:48:47.538] [WARN] warn - Pagina requerida no existe. [ http://localhost:8080//favicon.ico ]
[2022-11-12T16:48:58.071] [WARN] warn - Pagina requerida no existe. [ http://localhost:8080//auth/css/style.css ]
[2022-11-12T16:48:58.088] [WARN] warn - Pagina requerida no existe. [ http://localhost:8080//favicon.ico ]
[2022-11-12T16:48:58.569] [WARN] warn - Pagina requerida no existe. [ http://localhost:8080//auth/css/style.css ]
[2022-11-12T16:48:58.586] [WARN] warn - Pagina requerida no existe. [ http://localhost:8080//favicon.ico ]
[2022-11-12T16:53:26.679] [WARN] warn - Pagina requerida no existe. [ http://localhost:8080//auth/css/style.css ]
[2022-11-12T16:53:26.706] [WARN] warn - Pagina requerida no existe. [ http://localhost:8080//favicon.ico ]
[2022-11-12T16:53:26.911] [WARN] warn - Pagina requerida no existe. [ http://localhost:8080//auth/css/style.css ]
[2022-11-12T16:53:26.923] [WARN] warn - Pagina requerida no existe. [ http://localhost:8080//favicon.ico ]
[2022-11-12T16:53:27.087] [WARN] warn - Pagina requerida no existe. [ http://localhost:8080//auth/css/style.css ]
[2022-11-12T16:53:27.104] [WARN] warn - Pagina requerida no existe. [ http://localhost:8080//favicon.ico ]
[2022-11-12T16:53:27.276] [WARN] warn - Pagina requerida no existe. [ http://localhost:8080//auth/css/style.css ]
[2022-11-12T16:53:27.292] [WARN] warn - Pagina requerida no existe. [ http://localhost:8080//favicon.ico ]
[2022-11-12T16:53:27.442] [WARN] warn - Pagina requerida no existe. [ http://localhost:8080//auth/css/style.css ]
[2022-11-12T16:53:27.455] [WARN] warn - Pagina requerida no existe. [ http://localhost:8080//favicon.ico ]
[2022-11-12T16:53:27.616] [WARN] warn - Pagina requerida no existe. [ http://localhost:8080//auth/css/style.css ]
[2022-11-12T16:53:27.635] [WARN] warn - Pagina requerida no existe. [ http://localhost:8080//favicon.ico ]
[2022-11-12T16:53:27.784] [WARN] warn - Pagina requerida no existe. [ http://localhost:8080//auth/css/style.css ]
[2022-11-12T16:53:27.806] [WARN] warn - Pagina requerida no existe. [ http://localhost:8080//favicon.ico ]
[2022-11-12T16:53:41.922] [WARN] warn - Pagina requerida no existe. [ http://localhost:8080//auth/css/style.css ]
[2022-11-12T16:53:41.935] [WARN] warn - Pagina requerida no existe. [ http://localhost:8080//favicon.ico ]
[2022-11-12T16:54:16.456] [WARN] warn - Pagina requerida no existe. [ http://localhost:8080//auth/css/style.css ]
[2022-11-12T16:54:16.477] [WARN] warn - Pagina requerida no existe. [ http://localhost:8080//favicon.ico ]
[2022-11-12T16:54:16.644] [WARN] warn - Pagina requerida no existe. [ http://localhost:8080//auth/css/style.css ]
[2022-11-12T16:54:16.658] [WARN] warn - Pagina requerida no existe. [ http://localhost:8080//favicon.ico ]
[2022-11-12T16:54:16.849] [WARN] warn - Pagina requerida no existe. [ http://localhost:8080//auth/css/style.css ]
[2022-11-12T16:54:16.868] [WARN] warn - Pagina requerida no existe. [ http://localhost:8080//favicon.ico ]
[2022-11-12T16:54:21.691] [WARN] warn - Pagina requerida no existe. [ http://localhost:8080//favicon.ico ]
[2022-11-12T16:54:22.715] [WARN] warn - Pagina requerida no existe. [ http://localhost:8080//favicon.ico ]
[2022-11-12T16:54:24.172] [WARN] warn - Pagina requerida no existe. [ http://localhost:8080//favicon.ico ]
[2022-11-12T16:54:24.680] [WARN] warn - Pagina requerida no existe. [ http://localhost:8080//favicon.ico ]
[2022-11-12T16:54:24.946] [WARN] warn - Pagina requerida no existe. [ http://localhost:8080//favicon.ico ]
[2022-11-12T16:54:28.254] [WARN] warn - Pagina requerida no existe. [ http://localhost:8080//favicon.ico ]
[2022-11-12T16:54:41.085] [WARN] warn - Pagina requerida no existe. [ http://localhost:8080//favicon.ico ]
[2022-11-12T16:55:06.531] [WARN] warn - Pagina requerida no existe. [ http://localhost:8080//favicon.ico ]
[2022-11-12T16:55:55.868] [WARN] warn - Pagina requerida no existe. [ http://localhost:8080//favicon.ico ]
[2022-11-12T16:55:56.809] [WARN] warn - Pagina requerida no existe. [ http://localhost:8080//favicon.ico ]
[2022-11-12T16:55:57.689] [WARN] warn - Pagina requerida no existe. [ http://localhost:8080//favicon.ico ]
[2022-11-12T16:55:57.909] [WARN] warn - Pagina requerida no existe. [ http://localhost:8080//favicon.ico ]
[2022-11-12T16:56:01.945] [WARN] warn - Pagina requerida no existe. [ http://localhost:8080//favicon.ico ]
[2022-11-12T16:56:03.034] [WARN] warn - Pagina requerida no existe. [ http://localhost:8080//favicon.ico ]
[2022-11-12T16:56:04.462] [WARN] warn - Pagina requerida no existe. [ http://localhost:8080//auth/css/style.css ]
[2022-11-12T16:56:04.485] [WARN] warn - Pagina requerida no existe. [ http://localhost:8080//favicon.ico ]
[2022-11-12T16:56:21.518] [WARN] warn - Pagina requerida no existe. [ http://localhost:8080//favicon.ico ]
[2022-11-12T16:56:24.534] [WARN] warn - Pagina requerida no existe. [ http://localhost:8080//random ]
[2022-11-12T16:56:24.579] [WARN] warn - Pagina requerida no existe. [ http://localhost:8080//favicon.ico ]
[2022-11-12T16:56:30.580] [WARN] warn - Pagina requerida no existe. [ http://localhost:8080//favicon.ico ]
[2022-11-12T16:56:35.663] [WARN] warn - Pagina requerida no existe. [ http://localhost:8080//favicon.ico ]
[2022-11-12T16:56:36.397] [WARN] warn - Pagina requerida no existe. [ http://localhost:8080//favicon.ico ]
[2022-11-12T16:56:38.195] [WARN] warn - Pagina requerida no existe. [ http://localhost:8080//favicon.ico ]
[2022-11-12T16:57:51.759] [WARN] warn - Pagina requerida no existe. [ http://localhost:8080//favicon.ico ]
[2022-11-12T16:57:53.067] [WARN] warn - Pagina requerida no existe. [ http://localhost:8080//auth/css/style.css ]
[2022-11-12T16:57:53.088] [WARN] warn - Pagina requerida no existe. [ http://localhost:8080//favicon.ico ]
[2022-11-12T16:58:18.076] [WARN] warn - Pagina requerida no existe. [ http://localhost:8080//auth/css/style.css ]
[2022-11-12T16:58:18.102] [WARN] warn - Pagina requerida no existe. [ http://localhost:8080//favicon.ico ]
[2022-11-12T16:58:37.905] [WARN] warn - Pagina requerida no existe. [ http://localhost:8080//auth/css/style.css ]
[2022-11-12T16:58:37.936] [WARN] warn - Pagina requerida no existe. [ http://localhost:8080//favicon.ico ]
[2022-11-12T16:58:38.809] [WARN] warn - Pagina requerida no existe. [ http://localhost:8080//auth/css/style.css ]
[2022-11-12T16:58:38.822] [WARN] warn - Pagina requerida no existe. [ http://localhost:8080//favicon.ico ]
[2022-11-12T16:58:50.049] [WARN] warn - Pagina requerida no existe. [ http://localhost:8080//auth/css/style.css ]
[2022-11-12T16:58:50.066] [WARN] warn - Pagina requerida no existe. [ http://localhost:8080//favicon.ico ]
[2022-11-12T16:59:07.383] [WARN] warn - Pagina requerida no existe. [ http://localhost:8080//auth/css/style.css ]
[2022-11-12T16:59:07.413] [WARN] warn - Pagina requerida no existe. [ http://localhost:8080//favicon.ico ]
[2022-11-12T16:59:16.000] [WARN] warn - Pagina requerida no existe. [ http://localhost:8080//auth/css/style.css ]
[2022-11-12T16:59:16.029] [WARN] warn - Pagina requerida no existe. [ http://localhost:8080//favicon.ico ]
[2022-11-12T16:59:16.706] [WARN] warn - Pagina requerida no existe. [ http://localhost:8080//auth/css/style.css ]
[2022-11-12T16:59:16.717] [WARN] warn - Pagina requerida no existe. [ http://localhost:8080//favicon.ico ]
[2022-11-12T16:59:16.926] [WARN] warn - Pagina requerida no existe. [ http://localhost:8080//auth/css/style.css ]
[2022-11-12T16:59:16.941] [WARN] warn - Pagina requerida no existe. [ http://localhost:8080//favicon.ico ]
[2022-11-12T16:59:25.200] [WARN] warn - Pagina requerida no existe. [ http://localhost:8080//auth/css/style.css ]
[2022-11-12T16:59:25.220] [WARN] warn - Pagina requerida no existe. [ http://localhost:8080//favicon.ico ]
[2022-11-12T16:59:25.641] [WARN] warn - Pagina requerida no existe. [ http://localhost:8080//auth/css/style.css ]
[2022-11-12T16:59:25.657] [WARN] warn - Pagina requerida no existe. [ http://localhost:8080//favicon.ico ]
[2022-11-12T16:59:25.787] [WARN] warn - Pagina requerida no existe. [ http://localhost:8080//auth/css/style.css ]
[2022-11-12T16:59:25.808] [WARN] warn - Pagina requerida no existe. [ http://localhost:8080//favicon.ico ]
[2022-11-12T16:59:25.947] [WARN] warn - Pagina requerida no existe. [ http://localhost:8080//auth/css/style.css ]
[2022-11-12T16:59:25.960] [WARN] warn - Pagina requerida no existe. [ http://localhost:8080//favicon.ico ]
[2022-11-12T16:59:26.127] [WARN] warn - Pagina requerida no existe. [ http://localhost:8080//auth/css/style.css ]
[2022-11-12T16:59:26.147] [WARN] warn - Pagina requerida no existe. [ http://localhost:8080//favicon.ico ]
[2022-11-12T16:59:39.929] [WARN] warn - Pagina requerida no existe. [ http://localhost:8080//auth/css/style.css ]
[2022-11-12T16:59:39.948] [WARN] warn - Pagina requerida no existe. [ http://localhost:8080//favicon.ico ]
[2022-11-12T17:00:02.880] [WARN] warn - Pagina requerida no existe. [ http://localhost:8080//auth/css/style.css ]
[2022-11-12T17:00:02.912] [WARN] warn - Pagina requerida no existe. [ http://localhost:8080//favicon.ico ]
[2022-11-12T17:00:03.528] [WARN] warn - Pagina requerida no existe. [ http://localhost:8080//auth/css/style.css ]
[2022-11-12T17:00:03.549] [WARN] warn - Pagina requerida no existe. [ http://localhost:8080//favicon.ico ]
[2022-11-12T17:00:03.762] [WARN] warn - Pagina requerida no existe. [ http://localhost:8080//auth/css/style.css ]
[2022-11-12T17:00:03.779] [WARN] warn - Pagina requerida no existe. [ http://localhost:8080//favicon.ico ]
[2022-11-12T17:00:09.547] [WARN] warn - Pagina requerida no existe. [ http://localhost:8080//auth/css/style.css ]
[2022-11-12T17:00:09.580] [WARN] warn - Pagina requerida no existe. [ http://localhost:8080//favicon.ico ]
[2022-11-12T17:00:36.338] [WARN] warn - Pagina requerida no existe. [ http://localhost:8080//auth/css/style.css ]
[2022-11-12T17:00:36.363] [WARN] warn - Pagina requerida no existe. [ http://localhost:8080//favicon.ico ]
[2022-11-12T17:00:51.269] [WARN] warn - Pagina requerida no existe. [ http://localhost:8080//auth/css/style.css ]
[2022-11-12T17:00:51.295] [WARN] warn - Pagina requerida no existe. [ http://localhost:8080//favicon.ico ]
[2022-11-12T17:00:51.786] [WARN] warn - Pagina requerida no existe. [ http://localhost:8080//auth/css/style.css ]
[2022-11-12T17:00:51.797] [WARN] warn - Pagina requerida no existe. [ http://localhost:8080//favicon.ico ]
[2022-11-12T17:00:52.024] [WARN] warn - Pagina requerida no existe. [ http://localhost:8080//auth/css/style.css ]
[2022-11-12T17:00:52.040] [WARN] warn - Pagina requerida no existe. [ http://localhost:8080//favicon.ico ]
[2022-11-12T17:01:03.352] [WARN] warn - Pagina requerida no existe. [ http://localhost:8080//auth/css/style.css ]
[2022-11-12T17:01:03.375] [WARN] warn - Pagina requerida no existe. [ http://localhost:8080//favicon.ico ]
[2022-11-12T17:01:03.779] [WARN] warn - Pagina requerida no existe. [ http://localhost:8080//auth/css/style.css ]
[2022-11-12T17:01:03.802] [WARN] warn - Pagina requerida no existe. [ http://localhost:8080//favicon.ico ]
[2022-11-12T17:01:11.546] [WARN] warn - Pagina requerida no existe. [ http://localhost:8080//auth/css/style.css ]
[2022-11-12T17:01:11.562] [WARN] warn - Pagina requerida no existe. [ http://localhost:8080//favicon.ico ]
[2022-11-12T17:01:12.190] [WARN] warn - Pagina requerida no existe. [ http://localhost:8080//auth/css/style.css ]
[2022-11-12T17:01:12.213] [WARN] warn - Pagina requerida no existe. [ http://localhost:8080//favicon.ico ]
[2022-11-12T17:01:27.317] [WARN] warn - Pagina requerida no existe. [ http://localhost:8080//auth/css/style.css ]
[2022-11-12T17:01:27.342] [WARN] warn - Pagina requerida no existe. [ http://localhost:8080//favicon.ico ]
[2022-11-12T17:01:27.948] [WARN] warn - Pagina requerida no existe. [ http://localhost:8080//auth/css/style.css ]
[2022-11-12T17:01:27.968] [WARN] warn - Pagina requerida no existe. [ http://localhost:8080//favicon.ico ]
[2022-11-12T17:01:28.142] [WARN] warn - Pagina requerida no existe. [ http://localhost:8080//auth/css/style.css ]
[2022-11-12T17:01:28.167] [WARN] warn - Pagina requerida no existe. [ http://localhost:8080//favicon.ico ]
[2022-11-12T17:01:50.432] [WARN] warn - Pagina requerida no existe. [ http://localhost:8080//auth/css/style.css ]
[2022-11-12T17:01:50.480] [WARN] warn - Pagina requerida no existe. [ http://localhost:8080//favicon.ico ]
[2022-11-12T17:01:51.479] [WARN] warn - Pagina requerida no existe. [ http://localhost:8080//auth/css/style.css ]
[2022-11-12T17:01:51.489] [WARN] warn - Pagina requerida no existe. [ http://localhost:8080//favicon.ico ]
[2022-11-12T17:01:51.670] [WARN] warn - Pagina requerida no existe. [ http://localhost:8080//auth/css/style.css ]
[2022-11-12T17:01:51.684] [WARN] warn - Pagina requerida no existe. [ http://localhost:8080//favicon.ico ]
[2022-11-12T17:02:02.898] [WARN] warn - Pagina requerida no existe. [ http://localhost:8080//auth/css/style.css ]
[2022-11-12T17:02:02.917] [WARN] warn - Pagina requerida no existe. [ http://localhost:8080//favicon.ico ]
[2022-11-12T17:02:03.495] [WARN] warn - Pagina requerida no existe. [ http://localhost:8080//auth/css/style.css ]
[2022-11-12T17:02:03.505] [WARN] warn - Pagina requerida no existe. [ http://localhost:8080//favicon.ico ]
[2022-11-12T17:02:03.694] [WARN] warn - Pagina requerida no existe. [ http://localhost:8080//auth/css/style.css ]
[2022-11-12T17:02:03.705] [WARN] warn - Pagina requerida no existe. [ http://localhost:8080//favicon.ico ]
[2022-11-12T17:02:19.569] [WARN] warn - Pagina requerida no existe. [ http://localhost:8080//auth/css/style.css ]
[2022-11-12T17:02:19.597] [WARN] warn - Pagina requerida no existe. [ http://localhost:8080//favicon.ico ]
[2022-11-12T17:02:20.231] [WARN] warn - Pagina requerida no existe. [ http://localhost:8080//auth/css/style.css ]
[2022-11-12T17:02:20.245] [WARN] warn - Pagina requerida no existe. [ http://localhost:8080//favicon.ico ]
[2022-11-12T17:02:33.855] [WARN] warn - Pagina requerida no existe. [ http://localhost:8080//auth/css/style.css ]
[2022-11-12T17:02:33.888] [WARN] warn - Pagina requerida no existe. [ http://localhost:8080//favicon.ico ]
[2022-11-12T17:02:34.498] [WARN] warn - Pagina requerida no existe. [ http://localhost:8080//auth/css/style.css ]
[2022-11-12T17:02:34.518] [WARN] warn - Pagina requerida no existe. [ http://localhost:8080//favicon.ico ]
[2022-11-12T17:02:34.657] [WARN] warn - Pagina requerida no existe. [ http://localhost:8080//auth/css/style.css ]
[2022-11-12T17:02:34.676] [WARN] warn - Pagina requerida no existe. [ http://localhost:8080//favicon.ico ]
[2022-11-12T17:03:01.566] [WARN] warn - Pagina requerida no existe. [ http://localhost:8080//auth/css/style.css ]
[2022-11-12T17:03:01.610] [WARN] warn - Pagina requerida no existe. [ http://localhost:8080//favicon.ico ]
[2022-11-12T17:03:27.051] [WARN] warn - Pagina requerida no existe. [ http://localhost:8080//auth/css/style.css ]
[2022-11-12T17:03:27.099] [WARN] warn - Pagina requerida no existe. [ http://localhost:8080//favicon.ico ]
[2022-11-12T17:03:43.274] [WARN] warn - Pagina requerida no existe. [ http://localhost:8080//auth/css/style.css ]
[2022-11-12T17:03:43.311] [WARN] warn - Pagina requerida no existe. [ http://localhost:8080//favicon.ico ]
[2022-11-12T17:03:43.670] [WARN] warn - Pagina requerida no existe. [ http://localhost:8080//auth/css/style.css ]
[2022-11-12T17:03:43.686] [WARN] warn - Pagina requerida no existe. [ http://localhost:8080//favicon.ico ]
[2022-11-12T17:03:43.829] [WARN] warn - Pagina requerida no existe. [ http://localhost:8080//auth/css/style.css ]
[2022-11-12T17:03:43.848] [WARN] warn - Pagina requerida no existe. [ http://localhost:8080//favicon.ico ]
[2022-11-12T17:03:43.989] [WARN] warn - Pagina requerida no existe. [ http://localhost:8080//auth/css/style.css ]
[2022-11-12T17:03:44.006] [WARN] warn - Pagina requerida no existe. [ http://localhost:8080//favicon.ico ]
[2022-11-12T17:03:57.006] [WARN] warn - Pagina requerida no existe. [ http://localhost:8080//auth/css/style.css ]
[2022-11-12T17:03:57.030] [WARN] warn - Pagina requerida no existe. [ http://localhost:8080//favicon.ico ]
[2022-11-12T17:03:57.294] [WARN] warn - Pagina requerida no existe. [ http://localhost:8080//auth/css/style.css ]
[2022-11-12T17:03:57.308] [WARN] warn - Pagina requerida no existe. [ http://localhost:8080//favicon.ico ]
[2022-11-12T17:03:57.531] [WARN] warn - Pagina requerida no existe. [ http://localhost:8080//auth/css/style.css ]
[2022-11-12T17:03:57.547] [WARN] warn - Pagina requerida no existe. [ http://localhost:8080//favicon.ico ]
[2022-11-12T17:04:10.295] [WARN] warn - Pagina requerida no existe. [ http://localhost:8080//auth/css/style.css ]
[2022-11-12T17:04:10.317] [WARN] warn - Pagina requerida no existe. [ http://localhost:8080//favicon.ico ]
[2022-11-12T17:04:10.925] [WARN] warn - Pagina requerida no existe. [ http://localhost:8080//auth/css/style.css ]
[2022-11-12T17:04:10.941] [WARN] warn - Pagina requerida no existe. [ http://localhost:8080//favicon.ico ]
[2022-11-12T17:04:11.092] [WARN] warn - Pagina requerida no existe. [ http://localhost:8080//auth/css/style.css ]
[2022-11-12T17:04:11.107] [WARN] warn - Pagina requerida no existe. [ http://localhost:8080//favicon.ico ]
[2022-11-12T17:04:11.243] [WARN] warn - Pagina requerida no existe. [ http://localhost:8080//auth/css/style.css ]
[2022-11-12T17:04:11.260] [WARN] warn - Pagina requerida no existe. [ http://localhost:8080//favicon.ico ]
[2022-11-12T17:04:17.841] [WARN] warn - Pagina requerida no existe. [ http://localhost:8080//auth/css/style.css ]
[2022-11-12T17:04:17.862] [WARN] warn - Pagina requerida no existe. [ http://localhost:8080//favicon.ico ]
[2022-11-12T17:04:18.356] [WARN] warn - Pagina requerida no existe. [ http://localhost:8080//auth/css/style.css ]
[2022-11-12T17:04:18.372] [WARN] warn - Pagina requerida no existe. [ http://localhost:8080//favicon.ico ]
[2022-11-12T17:04:18.543] [WARN] warn - Pagina requerida no existe. [ http://localhost:8080//auth/css/style.css ]
[2022-11-12T17:04:18.562] [WARN] warn - Pagina requerida no existe. [ http://localhost:8080//favicon.ico ]
[2022-11-12T17:04:18.710] [WARN] warn - Pagina requerida no existe. [ http://localhost:8080//auth/css/style.css ]
[2022-11-12T17:04:18.725] [WARN] warn - Pagina requerida no existe. [ http://localhost:8080//favicon.ico ]
[2022-11-12T17:04:18.849] [WARN] warn - Pagina requerida no existe. [ http://localhost:8080//auth/css/style.css ]
[2022-11-12T17:04:18.860] [WARN] warn - Pagina requerida no existe. [ http://localhost:8080//favicon.ico ]
[2022-11-12T17:04:19.012] [WARN] warn - Pagina requerida no existe. [ http://localhost:8080//auth/css/style.css ]
[2022-11-12T17:04:19.032] [WARN] warn - Pagina requerida no existe. [ http://localhost:8080//favicon.ico ]
[2022-11-12T17:04:19.182] [WARN] warn - Pagina requerida no existe. [ http://localhost:8080//auth/css/style.css ]
[2022-11-12T17:04:19.199] [WARN] warn - Pagina requerida no existe. [ http://localhost:8080//favicon.ico ]
[2022-11-12T17:04:27.062] [WARN] warn - Pagina requerida no existe. [ http://localhost:8080//auth/css/style.css ]
[2022-11-12T17:04:27.085] [WARN] warn - Pagina requerida no existe. [ http://localhost:8080//favicon.ico ]
[2022-11-12T17:04:27.633] [WARN] warn - Pagina requerida no existe. [ http://localhost:8080//auth/css/style.css ]
[2022-11-12T17:04:27.658] [WARN] warn - Pagina requerida no existe. [ http://localhost:8080//favicon.ico ]
[2022-11-12T17:04:27.817] [WARN] warn - Pagina requerida no existe. [ http://localhost:8080//auth/css/style.css ]
[2022-11-12T17:04:27.831] [WARN] warn - Pagina requerida no existe. [ http://localhost:8080//favicon.ico ]
[2022-11-12T17:04:39.488] [WARN] warn - Pagina requerida no existe. [ http://localhost:8080//auth/css/style.css ]
[2022-11-12T17:04:39.506] [WARN] warn - Pagina requerida no existe. [ http://localhost:8080//favicon.ico ]
[2022-11-12T17:04:48.688] [WARN] warn - Pagina requerida no existe. [ http://localhost:8080//favicon.ico ]
[2022-11-12T17:04:53.094] [WARN] warn - Pagina requerida no existe. [ http://localhost:8080//favicon.ico ]
[2022-11-12T17:04:55.899] [WARN] warn - Pagina requerida no existe. [ http://localhost:8080//auth/css/style.css ]
[2022-11-12T17:04:55.913] [WARN] warn - Pagina requerida no existe. [ http://localhost:8080//favicon.ico ]
[2022-11-12T17:05:18.591] [WARN] warn - Pagina requerida no existe. [ http://localhost:8080//auth/css/style.css ]
[2022-11-12T17:05:18.624] [WARN] warn - Pagina requerida no existe. [ http://localhost:8080//favicon.ico ]
[2022-11-12T17:06:29.684] [WARN] warn - Pagina requerida no existe. [ http://localhost:8080//auth/css/style.css ]
[2022-11-12T17:06:29.729] [WARN] warn - Pagina requerida no existe. [ http://localhost:8080//favicon.ico ]
[2022-11-12T17:06:30.316] [WARN] warn - Pagina requerida no existe. [ http://localhost:8080//auth/css/style.css ]
[2022-11-12T17:06:30.333] [WARN] warn - Pagina requerida no existe. [ http://localhost:8080//favicon.ico ]
[2022-11-12T17:06:33.859] [WARN] warn - Pagina requerida no existe. [ http://localhost:8080//favicon.ico ]
[2022-11-12T17:06:35.919] [WARN] warn - Pagina requerida no existe. [ http://localhost:8080//favicon.ico ]
[2022-11-12T17:06:54.707] [WARN] warn - Pagina requerida no existe. [ http://localhost:8080//auth/css/style.css ]
[2022-11-12T17:06:54.737] [WARN] warn - Pagina requerida no existe. [ http://localhost:8080//favicon.ico ]
[2022-11-12T17:06:57.857] [WARN] warn - Pagina requerida no existe. [ http://localhost:8080//favicon.ico ]
[2022-11-12T17:07:00.316] [WARN] warn - Pagina requerida no existe. [ http://localhost:8080//favicon.ico ]
[2022-11-12T17:07:27.245] [WARN] warn - Pagina requerida no existe. [ http://localhost:8080//auth/css/style.css ]
[2022-11-12T17:07:27.276] [WARN] warn - Pagina requerida no existe. [ http://localhost:8080//favicon.ico ]
[2022-11-12T17:07:27.951] [WARN] warn - Pagina requerida no existe. [ http://localhost:8080//auth/css/style.css ]
[2022-11-12T17:07:27.974] [WARN] warn - Pagina requerida no existe. [ http://localhost:8080//favicon.ico ]
[2022-11-12T17:07:31.039] [WARN] warn - Pagina requerida no existe. [ http://localhost:8080//favicon.ico ]
[2022-11-12T17:07:32.169] [WARN] warn - Pagina requerida no existe. [ http://localhost:8080//favicon.ico ]
[2022-11-12T17:08:03.396] [WARN] warn - Pagina requerida no existe. [ http://localhost:8080//auth/css/style.css ]
[2022-11-12T17:08:03.428] [WARN] warn - Pagina requerida no existe. [ http://localhost:8080//favicon.ico ]
[2022-11-12T17:08:03.843] [WARN] warn - Pagina requerida no existe. [ http://localhost:8080//auth/css/style.css ]
[2022-11-12T17:08:03.866] [WARN] warn - Pagina requerida no existe. [ http://localhost:8080//favicon.ico ]
[2022-11-12T17:08:04.031] [WARN] warn - Pagina requerida no existe. [ http://localhost:8080//auth/css/style.css ]
[2022-11-12T17:08:04.051] [WARN] warn - Pagina requerida no existe. [ http://localhost:8080//favicon.ico ]
[2022-11-12T17:08:06.679] [WARN] warn - Pagina requerida no existe. [ http://localhost:8080//favicon.ico ]
[2022-11-12T17:08:07.944] [WARN] warn - Pagina requerida no existe. [ http://localhost:8080//favicon.ico ]
[2022-11-12T17:08:16.495] [WARN] warn - Pagina requerida no existe. [ http://localhost:8080//auth/css/style.css ]
[2022-11-12T17:08:16.513] [WARN] warn - Pagina requerida no existe. [ http://localhost:8080//favicon.ico ]
[2022-11-12T17:08:19.139] [WARN] warn - Pagina requerida no existe. [ http://localhost:8080//favicon.ico ]
[2022-11-12T17:08:20.602] [WARN] warn - Pagina requerida no existe. [ http://localhost:8080//favicon.ico ]
[2022-11-12T17:08:36.702] [WARN] warn - Pagina requerida no existe. [ http://localhost:8080//auth/css/style.css ]
[2022-11-12T17:08:36.739] [WARN] warn - Pagina requerida no existe. [ http://localhost:8080//favicon.ico ]
[2022-11-12T17:08:37.068] [WARN] warn - Pagina requerida no existe. [ http://localhost:8080//auth/css/style.css ]
[2022-11-12T17:08:37.092] [WARN] warn - Pagina requerida no existe. [ http://localhost:8080//favicon.ico ]
[2022-11-12T17:08:37.273] [WARN] warn - Pagina requerida no existe. [ http://localhost:8080//auth/css/style.css ]
[2022-11-12T17:08:37.291] [WARN] warn - Pagina requerida no existe. [ http://localhost:8080//favicon.ico ]
[2022-11-12T17:08:40.306] [WARN] warn - Pagina requerida no existe. [ http://localhost:8080//favicon.ico ]
[2022-11-12T17:08:41.236] [WARN] warn - Pagina requerida no existe. [ http://localhost:8080//favicon.ico ]
[2022-11-12T17:09:09.978] [WARN] warn - Pagina requerida no existe. [ http://localhost:8080//auth/css/style.css ]
[2022-11-12T17:09:10.014] [WARN] warn - Pagina requerida no existe. [ http://localhost:8080//favicon.ico ]
[2022-11-12T17:09:12.860] [WARN] warn - Pagina requerida no existe. [ http://localhost:8080//favicon.ico ]
[2022-11-12T17:09:14.559] [WARN] warn - Pagina requerida no existe. [ http://localhost:8080//favicon.ico ]
[2022-11-12T17:10:03.234] [WARN] warn - Pagina requerida no existe. [ http://localhost:8080//auth/css/style.css ]
[2022-11-12T17:10:03.259] [WARN] warn - Pagina requerida no existe. [ http://localhost:8080//favicon.ico ]
[2022-11-12T17:10:06.255] [WARN] warn - Pagina requerida no existe. [ http://localhost:8080//favicon.ico ]
[2022-11-12T17:10:07.909] [WARN] warn - Pagina requerida no existe. [ http://localhost:8080//auth/css/style.css ]
[2022-11-12T17:10:07.923] [WARN] warn - Pagina requerida no existe. [ http://localhost:8080//favicon.ico ]
[2022-11-12T17:10:14.224] [WARN] warn - Pagina requerida no existe. [ http://localhost:8080//favicon.ico ]
[2022-11-12T17:10:16.092] [WARN] warn - Pagina requerida no existe. [ http://localhost:8080//favicon.ico ]
[2022-11-12T17:10:25.998] [WARN] warn - Pagina requerida no existe. [ http://localhost:8080//auth/css/style.css ]
[2022-11-12T17:10:26.025] [WARN] warn - Pagina requerida no existe. [ http://localhost:8080//favicon.ico ]
[2022-11-12T17:10:29.072] [WARN] warn - Pagina requerida no existe. [ http://localhost:8080//favicon.ico ]
[2022-11-12T17:10:29.992] [WARN] warn - Pagina requerida no existe. [ http://localhost:8080//favicon.ico ]
[2022-11-12T17:10:36.079] [WARN] warn - Pagina requerida no existe. [ http://localhost:8080//favicon.ico ]
[2022-11-12T17:10:39.668] [WARN] warn - Pagina requerida no existe. [ http://localhost:8080//auth/css/style.css ]
[2022-11-12T17:10:39.686] [WARN] warn - Pagina requerida no existe. [ http://localhost:8080//favicon.ico ]
[2022-11-12T17:10:58.377] [WARN] warn - Pagina requerida no existe. [ http://localhost:8080//auth/css/style.css ]
[2022-11-12T17:10:58.402] [WARN] warn - Pagina requerida no existe. [ http://localhost:8080//favicon.ico ]
[2022-11-12T17:18:10.530] [WARN] warn - Pagina no encontrada
[2022-11-12T17:18:10.570] [WARN] warn - Pagina no encontrada
[2022-11-12T17:18:19.621] [WARN] warn - Pagina no encontrada
[2022-11-12T17:18:24.533] [WARN] warn - Pagina no encontrada
[2022-11-12T17:18:24.699] [WARN] warn - Pagina no encontrada
[2022-11-13T09:04:11.922] [WARN] warn - Pagina no encontrada
[2022-11-13T09:04:12.081] [WARN] warn - Pagina no encontrada
[2022-11-13T09:10:58.958] [WARN] warn - Pagina no encontrada
[2022-11-13T09:10:59.178] [WARN] warn - Pagina no encontrada
[2022-11-13T09:11:03.531] [WARN] warn - Pagina no encontrada
[2022-11-13T09:21:28.453] [WARN] warn - Pagina no encontrada
[2022-11-13T09:21:28.496] [WARN] warn - Pagina no encontrada
[2022-11-13T09:21:32.660] [WARN] warn - Pagina no encontrada
[2022-11-13T09:22:06.873] [WARN] warn - Pagina no encontrada
[2022-11-13T09:23:43.973] [WARN] warn - Pagina no encontrada
[2022-11-13T09:23:44.086] [WARN] warn - Pagina no encontrada
[2022-11-13T09:23:48.448] [WARN] warn - Pagina no encontrada
[2022-11-13T09:24:05.405] [WARN] warn - Pagina no encontrada
[2022-11-13T09:24:07.955] [WARN] warn - Pagina no encontrada
[2022-11-13T09:24:07.980] [WARN] warn - Pagina no encontrada
[2022-11-13T09:25:06.206] [WARN] warn - Pagina no encontrada
[2022-11-13T09:25:06.234] [WARN] warn - Pagina no encontrada
[2022-11-13T09:25:06.984] [WARN] warn - Pagina no encontrada
[2022-11-13T09:25:07.007] [WARN] warn - Pagina no encontrada
[2022-11-13T09:25:07.212] [WARN] warn - Pagina no encontrada
[2022-11-13T09:25:07.231] [WARN] warn - Pagina no encontrada
[2022-11-13T09:25:41.813] [WARN] warn - Pagina no encontrada
[2022-11-13T09:25:41.842] [WARN] warn - Pagina no encontrada
[2022-11-13T09:25:42.411] [WARN] warn - Pagina no encontrada
[2022-11-13T09:25:42.427] [WARN] warn - Pagina no encontrada
[2022-11-13T09:25:42.645] [WARN] warn - Pagina no encontrada
[2022-11-13T09:25:42.669] [WARN] warn - Pagina no encontrada
[2022-11-13T09:25:42.874] [WARN] warn - Pagina no encontrada
[2022-11-13T09:25:42.891] [WARN] warn - Pagina no encontrada
[2022-11-13T09:25:43.105] [WARN] warn - Pagina no encontrada
[2022-11-13T09:25:43.126] [WARN] warn - Pagina no encontrada
[2022-11-13T09:25:43.305] [WARN] warn - Pagina no encontrada
[2022-11-13T09:25:43.318] [WARN] warn - Pagina no encontrada
[2022-11-13T09:25:43.525] [WARN] warn - Pagina no encontrada
[2022-11-13T09:25:43.540] [WARN] warn - Pagina no encontrada
[2022-11-13T09:26:02.878] [WARN] warn - Pagina no encontrada
[2022-11-13T09:26:02.924] [WARN] warn - Pagina no encontrada
[2022-11-13T09:26:25.234] [WARN] warn - Pagina no encontrada
[2022-11-13T09:26:25.265] [WARN] warn - Pagina no encontrada
[2022-11-13T09:26:30.770] [WARN] warn - Pagina no encontrada
[2022-11-13T11:01:12.281] [WARN] warn - Pagina no encontrada
[2022-11-13T16:57:22.799] [WARN] warn - Pagina no encontrada
[2022-11-13T16:57:22.992] [WARN] warn - Pagina no encontrada
[2022-11-13T16:57:27.521] [WARN] warn - Pagina no encontrada
[2022-11-13T16:57:31.535] [WARN] warn - Pagina no encontrada
[2022-11-13T16:57:36.798] [WARN] warn - Pagina no encontrada
[2022-11-13T16:57:38.436] [WARN] warn - Pagina no encontrada
[2022-11-13T16:57:39.579] [WARN] warn - Pagina no encontrada
[2022-11-13T17:00:36.744] [WARN] warn - Pagina no encontrada
[2022-11-13T17:03:52.106] [WARN] warn - Pagina no encontrada
[2022-11-13T17:03:58.627] [WARN] warn - Pagina no encontrada
[2022-11-13T17:03:58.651] [WARN] warn - Pagina no encontrada
[2022-11-13T17:04:02.282] [WARN] warn - Pagina no encontrada
[2022-11-13T17:05:26.923] [WARN] warn - Pagina no encontrada
[2022-11-13T17:05:27.066] [WARN] warn - Pagina no encontrada
[2022-11-13T17:05:30.882] [WARN] warn - Pagina no encontrada
[2022-11-13T17:06:07.158] [WARN] warn - Pagina no encontrada
[2022-11-13T17:06:57.780] [WARN] warn - Pagina no encontrada
[2022-11-13T17:07:15.783] [WARN] warn - Pagina no encontrada
[2022-11-13T17:07:43.960] [WARN] warn - Pagina no encontrada
[2022-11-13T17:07:45.233] [WARN] warn - Pagina no encontrada
[2022-11-13T17:08:00.199] [WARN] warn - Pagina no encontrada
[2022-11-13T17:08:37.074] [WARN] warn - Pagina no encontrada
[2022-11-13T17:08:37.834] [WARN] warn - Pagina no encontrada
[2022-11-13T17:08:38.026] [WARN] warn - Pagina no encontrada
[2022-11-13T17:08:38.207] [WARN] warn - Pagina no encontrada
[2022-11-13T17:08:38.364] [WARN] warn - Pagina no encontrada
[2022-11-13T17:08:38.523] [WARN] warn - Pagina no encontrada
[2022-11-13T17:08:50.712] [WARN] warn - Pagina no encontrada
[2022-11-13T17:08:51.010] [WARN] warn - Pagina no encontrada
[2022-11-13T17:08:51.213] [WARN] warn - Pagina no encontrada
[2022-11-13T17:08:51.349] [WARN] warn - Pagina no encontrada
[2022-11-13T17:09:16.154] [WARN] warn - Pagina no encontrada
[2022-11-13T17:09:57.927] [WARN] warn - Pagina no encontrada
[2022-11-13T17:10:04.706] [WARN] warn - Pagina no encontrada
[2022-11-13T17:10:09.723] [WARN] warn - Pagina no encontrada
[2022-11-13T17:10:18.776] [WARN] warn - Pagina no encontrada
[2022-11-13T17:10:26.629] [WARN] warn - Pagina no encontrada
[2022-11-13T17:10:28.702] [WARN] warn - Pagina no encontrada
[2022-11-13T17:10:52.520] [WARN] warn - Pagina no encontrada
[2022-11-13T17:10:53.251] [WARN] warn - Pagina no encontrada
[2022-11-13T17:10:53.433] [WARN] warn - Pagina no encontrada
[2022-11-13T17:12:17.082] [WARN] warn - Pagina no encontrada
[2022-11-13T17:12:17.132] [WARN] warn - Pagina no encontrada
[2022-11-13T17:12:20.753] [WARN] warn - Pagina no encontrada
[2022-11-13T17:12:36.296] [WARN] warn - Pagina no encontrada
[2022-11-13T17:13:48.341] [WARN] warn - Pagina no encontrada
[2022-11-13T17:13:48.361] [WARN] warn - Pagina no encontrada
[2022-11-13T17:13:52.372] [WARN] warn - Pagina no encontrada
[2022-11-13T17:14:42.792] [WARN] warn - Pagina no encontrada
[2022-11-13T17:14:55.628] [WARN] warn - Pagina no encontrada
[2022-11-13T17:15:20.466] [WARN] warn - Pagina no encontrada
[2022-11-13T17:15:21.069] [WARN] warn - Pagina no encontrada
[2022-11-13T17:15:21.218] [WARN] warn - Pagina no encontrada
[2022-11-13T17:15:40.274] [WARN] warn - Pagina no encontrada
[2022-11-13T17:15:40.434] [WARN] warn - Pagina no encontrada
[2022-11-13T17:15:40.589] [WARN] warn - Pagina no encontrada
[2022-11-13T17:15:52.362] [WARN] warn - Pagina no encontrada
[2022-11-13T17:16:01.397] [WARN] warn - Pagina no encontrada
[2022-11-13T17:16:18.546] [WARN] warn - Pagina no encontrada
[2022-11-13T17:16:19.168] [WARN] warn - Pagina no encontrada
[2022-11-13T17:16:30.800] [WARN] warn - Pagina no encontrada
[2022-11-13T17:16:39.220] [WARN] warn - Pagina no encontrada
[2022-11-13T17:16:46.915] [WARN] warn - Pagina no encontrada
[2022-11-13T17:16:54.393] [WARN] warn - Pagina no encontrada
[2022-11-13T17:17:11.583] [WARN] warn - Pagina no encontrada
[2022-11-13T17:17:24.711] [WARN] warn - Pagina no encontrada
[2022-11-13T17:17:34.289] [WARN] warn - Pagina no encontrada
[2022-11-13T17:17:41.174] [WARN] warn - Pagina no encontrada
[2022-11-13T17:18:27.147] [WARN] warn - Pagina no encontrada
[2022-11-13T17:18:47.130] [WARN] warn - Pagina no encontrada
[2022-11-13T17:19:05.835] [WARN] warn - Pagina no encontrada
[2022-11-13T17:19:12.726] [WARN] warn - Pagina no encontrada
[2022-11-13T17:19:15.298] [WARN] warn - Pagina no encontrada
[2022-11-13T17:19:23.890] [WARN] warn - Pagina no encontrada
[2022-11-13T17:19:45.082] [WARN] warn - Pagina no encontrada
[2022-11-13T17:19:46.600] [WARN] warn - Pagina no encontrada
[2022-11-13T17:20:07.507] [WARN] warn - Pagina no encontrada
[2022-11-13T17:20:09.855] [WARN] warn - Pagina no encontrada
[2022-11-13T17:20:09.869] [WARN] warn - Pagina no encontrada
[2022-11-13T17:21:11.885] [WARN] warn - Pagina no encontrada
[2022-11-13T17:21:11.917] [WARN] warn - Pagina no encontrada
[2022-11-13T17:21:14.854] [WARN] warn - Pagina no encontrada
[2022-11-13T17:21:17.715] [WARN] warn - Pagina no encontrada
[2022-11-13T17:21:50.678] [WARN] warn - Pagina no encontrada
[2022-11-13T17:21:53.935] [WARN] warn - Pagina no encontrada
[2022-11-13T17:21:53.954] [WARN] warn - Pagina no encontrada
[2022-11-13T17:21:58.079] [WARN] warn - Pagina no encontrada
[2022-11-13T17:22:17.300] [WARN] warn - Pagina no encontrada
[2022-11-13T17:22:52.113] [WARN] warn - Pagina no encontrada
[2022-11-13T17:23:13.606] [WARN] warn - Pagina no encontrada
[2022-11-13T17:23:23.184] [WARN] warn - Pagina no encontrada
[2022-11-13T17:23:44.453] [WARN] warn - Pagina no encontrada
[2022-11-13T17:23:44.905] [WARN] warn - Pagina no encontrada
[2022-11-13T17:23:45.094] [WARN] warn - Pagina no encontrada
[2022-11-13T17:23:45.252] [WARN] warn - Pagina no encontrada
[2022-11-13T17:23:45.425] [WARN] warn - Pagina no encontrada
[2022-11-13T17:24:18.176] [WARN] warn - Pagina no encontrada
[2022-11-13T17:24:18.651] [WARN] warn - Pagina no encontrada
[2022-11-13T17:24:18.820] [WARN] warn - Pagina no encontrada
[2022-11-13T17:24:45.676] [WARN] warn - Pagina no encontrada
[2022-11-13T17:24:45.995] [WARN] warn - Pagina no encontrada
[2022-11-13T17:24:46.169] [WARN] warn - Pagina no encontrada
[2022-11-13T17:25:10.569] [WARN] warn - Pagina no encontrada
[2022-11-13T17:25:11.033] [WARN] warn - Pagina no encontrada
[2022-11-13T17:25:11.218] [WARN] warn - Pagina no encontrada
[2022-11-13T17:25:24.746] [WARN] warn - Pagina no encontrada
[2022-11-13T17:25:25.319] [WARN] warn - Pagina no encontrada
[2022-11-13T17:25:47.833] [WARN] warn - Pagina no encontrada
[2022-11-13T17:26:01.718] [WARN] warn - Pagina no encontrada
[2022-11-13T17:26:03.168] [WARN] warn - Pagina no encontrada
[2022-11-13T17:26:03.181] [WARN] warn - Pagina no encontrada
[2022-11-13T17:26:07.905] [WARN] warn - Pagina no encontrada
[2022-11-13T17:26:23.652] [WARN] warn - Pagina no encontrada
[2022-11-13T17:26:25.171] [WARN] warn - Pagina no encontrada
[2022-11-13T17:26:25.194] [WARN] warn - Pagina no encontrada
[2022-11-13T17:26:26.682] [WARN] warn - Pagina no encontrada
[2022-11-13T17:26:32.177] [WARN] warn - Pagina no encontrada
[2022-11-13T17:26:32.194] [WARN] warn - Pagina no encontrada
[2022-11-13T17:31:05.891] [WARN] warn - Pagina no encontrada
[2022-11-13T17:31:05.913] [WARN] warn - Pagina no encontrada
[2022-11-13T17:31:06.392] [WARN] warn - Pagina no encontrada
[2022-11-13T17:31:06.408] [WARN] warn - Pagina no encontrada
[2022-11-13T17:31:06.579] [WARN] warn - Pagina no encontrada
[2022-11-13T17:31:06.597] [WARN] warn - Pagina no encontrada
[2022-11-13T17:31:10.094] [WARN] warn - Pagina no encontrada
[2022-11-13T17:31:43.780] [WARN] warn - Pagina no encontrada
[2022-11-13T17:33:20.896] [WARN] warn - Pagina no encontrada
[2022-11-13T17:33:21.183] [WARN] warn - Pagina no encontrada
[2022-11-13T17:33:21.372] [WARN] warn - Pagina no encontrada
[2022-11-13T17:33:43.596] [WARN] warn - Pagina no encontrada
[2022-11-13T17:33:44.084] [WARN] warn - Pagina no encontrada
[2022-11-13T17:34:01.620] [WARN] warn - Pagina no encontrada
[2022-11-13T17:34:18.557] [WARN] warn - Pagina no encontrada
[2022-11-13T17:34:19.071] [WARN] warn - Pagina no encontrada
[2022-11-13T17:34:19.247] [WARN] warn - Pagina no encontrada
[2022-11-13T17:34:36.951] [WARN] warn - Pagina no encontrada
[2022-11-13T17:34:37.539] [WARN] warn - Pagina no encontrada
[2022-11-13T17:34:37.702] [WARN] warn - Pagina no encontrada
[2022-11-13T17:34:37.879] [WARN] warn - Pagina no encontrada
[2022-11-13T17:34:45.235] [WARN] warn - Pagina no encontrada
[2022-11-13T17:34:45.579] [WARN] warn - Pagina no encontrada
[2022-11-13T17:34:45.750] [WARN] warn - Pagina no encontrada
[2022-11-13T17:34:58.103] [WARN] warn - Pagina no encontrada
[2022-11-13T17:34:58.456] [WARN] warn - Pagina no encontrada
[2022-11-13T17:35:04.617] [WARN] warn - Pagina no encontrada
[2022-11-13T17:35:05.935] [WARN] warn - Pagina no encontrada
[2022-11-13T17:35:05.962] [WARN] warn - Pagina no encontrada
[2022-11-13T17:35:08.351] [WARN] warn - Pagina no encontrada
[2022-11-13T17:35:11.199] [WARN] warn - Pagina no encontrada
[2022-11-13T17:35:11.212] [WARN] warn - Pagina no encontrada
[2022-11-13T17:35:17.890] [WARN] warn - Pagina no encontrada
[2022-11-13T17:36:12.274] [WARN] warn - Pagina no encontrada
[2022-11-13T17:36:21.344] [WARN] warn - Pagina no encontrada
[2022-11-13T17:36:23.540] [WARN] warn - Pagina no encontrada
[2022-11-13T17:36:25.924] [WARN] warn - Pagina no encontrada
[2022-11-13T17:36:27.348] [WARN] warn - Pagina no encontrada
[2022-11-13T17:36:41.785] [WARN] warn - Pagina no encontrada
[2022-11-13T17:36:42.423] [WARN] warn - Pagina no encontrada
[2022-11-13T17:36:42.590] [WARN] warn - Pagina no encontrada
[2022-11-13T17:36:59.192] [WARN] warn - Pagina no encontrada
[2022-11-13T17:37:01.687] [WARN] warn - Pagina no encontrada
[2022-11-13T17:37:02.168] [WARN] warn - Pagina no encontrada
[2022-11-13T17:37:09.103] [WARN] warn - Pagina no encontrada
[2022-11-13T17:37:33.623] [WARN] warn - Pagina no encontrada
[2022-11-13T17:37:37.458] [WARN] warn - Pagina no encontrada
[2022-11-13T17:37:38.784] [WARN] warn - Pagina no encontrada
[2022-11-13T17:37:40.129] [WARN] warn - Pagina no encontrada
[2022-11-13T17:37:41.600] [WARN] warn - Pagina no encontrada
[2022-11-13T17:37:42.582] [WARN] warn - Pagina no encontrada
[2022-11-13T17:38:04.562] [WARN] warn - Pagina no encontrada
[2022-11-13T17:38:05.547] [WARN] warn - Pagina no encontrada
[2022-11-13T17:38:08.716] [WARN] warn - Pagina no encontrada
[2022-11-13T17:38:10.150] [WARN] warn - Pagina no encontrada
[2022-11-13T17:38:47.427] [WARN] warn - Pagina no encontrada
[2022-11-13T17:38:50.059] [WARN] warn - Pagina no encontrada
[2022-11-13T17:38:53.024] [WARN] warn - Pagina no encontrada
[2022-11-13T17:38:54.596] [WARN] warn - Pagina no encontrada
[2022-11-13T17:40:59.028] [WARN] warn - Pagina no encontrada
[2022-11-13T17:40:59.059] [WARN] warn - Pagina no encontrada
[2022-11-13T17:40:59.709] [WARN] warn - Pagina no encontrada
[2022-11-13T17:40:59.737] [WARN] warn - Pagina no encontrada
[2022-11-13T17:41:02.378] [WARN] warn - Pagina no encontrada
[2022-11-13T17:41:03.777] [WARN] warn - Pagina no encontrada
[2022-11-13T17:41:47.168] [WARN] warn - Pagina no encontrada
[2022-11-13T17:42:52.782] [WARN] warn - Pagina no encontrada
[2022-11-13T17:42:52.808] [WARN] warn - Pagina no encontrada
[2022-11-13T17:42:53.367] [WARN] warn - Pagina no encontrada
[2022-11-13T17:42:53.383] [WARN] warn - Pagina no encontrada
[2022-11-13T17:42:55.736] [WARN] warn - Pagina no encontrada
[2022-11-13T17:42:57.184] [WARN] warn - Pagina no encontrada
[2022-11-13T17:44:34.759] [WARN] warn - Pagina no encontrada
[2022-11-13T17:44:34.793] [WARN] warn - Pagina no encontrada
[2022-11-13T17:44:37.339] [WARN] warn - Pagina no encontrada
[2022-11-13T17:44:38.445] [WARN] warn - Pagina no encontrada
[2022-11-13T17:44:56.034] [WARN] warn - Pagina no encontrada
[2022-11-13T17:45:12.814] [WARN] warn - Pagina no encontrada
[2022-11-13T17:45:32.210] [WARN] warn - Pagina no encontrada
[2022-11-13T17:45:43.072] [WARN] warn - Pagina no encontrada
[2022-11-13T17:45:43.893] [WARN] warn - Pagina no encontrada
[2022-11-13T17:45:50.519] [WARN] warn - Pagina no encontrada
[2022-11-13T17:45:51.216] [WARN] warn - Pagina no encontrada
[2022-11-13T17:46:12.322] [WARN] warn - Pagina no encontrada
[2022-11-13T17:46:12.967] [WARN] warn - Pagina no encontrada
[2022-11-13T17:46:13.158] [WARN] warn - Pagina no encontrada
[2022-11-13T17:46:21.636] [WARN] warn - Pagina no encontrada
[2022-11-13T17:46:22.254] [WARN] warn - Pagina no encontrada
[2022-11-13T17:46:22.422] [WARN] warn - Pagina no encontrada
[2022-11-13T17:46:22.572] [WARN] warn - Pagina no encontrada
[2022-11-13T17:46:22.794] [WARN] warn - Pagina no encontrada
[2022-11-13T17:46:36.573] [WARN] warn - Pagina no encontrada
[2022-11-13T17:46:46.144] [WARN] warn - Pagina no encontrada
[2022-11-13T17:46:46.648] [WARN] warn - Pagina no encontrada
[2022-11-13T17:46:46.813] [WARN] warn - Pagina no encontrada
[2022-11-13T17:47:28.002] [WARN] warn - Pagina no encontrada
[2022-11-13T17:47:28.587] [WARN] warn - Pagina no encontrada
[2022-11-13T17:47:28.801] [WARN] warn - Pagina no encontrada
[2022-11-13T17:47:43.538] [WARN] warn - Pagina no encontrada
[2022-11-13T17:47:43.902] [WARN] warn - Pagina no encontrada
[2022-11-13T17:47:44.085] [WARN] warn - Pagina no encontrada
[2022-11-13T17:48:03.241] [WARN] warn - Pagina no encontrada
[2022-11-13T17:48:20.856] [WARN] warn - Pagina no encontrada
[2022-11-13T17:48:21.317] [WARN] warn - Pagina no encontrada
[2022-11-13T17:48:21.473] [WARN] warn - Pagina no encontrada
[2022-11-13T17:48:56.861] [WARN] warn - Pagina no encontrada
[2022-11-13T17:49:07.908] [WARN] warn - Pagina no encontrada
[2022-11-13T17:49:08.244] [WARN] warn - Pagina no encontrada
[2022-11-13T17:49:08.439] [WARN] warn - Pagina no encontrada
[2022-11-13T17:49:08.623] [WARN] warn - Pagina no encontrada
[2022-11-13T17:49:17.966] [WARN] warn - Pagina no encontrada
[2022-11-13T17:49:19.443] [WARN] warn - Pagina no encontrada
[2022-11-13T17:49:27.457] [WARN] warn - Pagina no encontrada
[2022-11-13T17:49:28.276] [WARN] warn - Pagina no encontrada
[2022-11-13T17:49:47.531] [WARN] warn - Pagina no encontrada
[2022-11-13T17:49:47.952] [WARN] warn - Pagina no encontrada
[2022-11-13T17:49:48.110] [WARN] warn - Pagina no encontrada
[2022-11-13T17:49:48.295] [WARN] warn - Pagina no encontrada
[2022-11-13T17:49:48.510] [WARN] warn - Pagina no encontrada
[2022-11-13T17:49:48.686] [WARN] warn - Pagina no encontrada
[2022-11-13T17:50:08.036] [WARN] warn - Pagina no encontrada
[2022-11-13T17:50:17.609] [WARN] warn - Pagina no encontrada
[2022-11-13T17:50:23.226] [WARN] warn - Pagina no encontrada
[2022-11-13T17:50:25.229] [WARN] warn - Pagina no encontrada
[2022-11-13T17:50:27.358] [WARN] warn - Pagina no encontrada
[2022-11-13T17:50:28.594] [WARN] warn - Pagina no encontrada
[2022-11-13T17:51:06.888] [WARN] warn - Pagina no encontrada
[2022-11-13T17:51:07.605] [WARN] warn - Pagina no encontrada
[2022-11-13T17:51:07.798] [WARN] warn - Pagina no encontrada
[2022-11-13T17:51:07.983] [WARN] warn - Pagina no encontrada
[2022-11-13T17:51:08.155] [WARN] warn - Pagina no encontrada
[2022-11-13T17:51:09.684] [WARN] warn - Pagina no encontrada
[2022-11-13T17:51:15.548] [WARN] warn - Pagina no encontrada
[2022-11-13T17:51:16.672] [WARN] warn - Pagina no encontrada
[2022-11-13T17:51:19.503] [WARN] warn - Pagina no encontrada
[2022-11-13T17:51:41.344] [WARN] warn - Pagina no encontrada
[2022-11-13T17:51:43.199] [WARN] warn - Pagina no encontrada
[2022-11-13T17:51:45.307] [WARN] warn - Pagina no encontrada
[2022-11-13T17:52:20.119] [WARN] warn - Pagina no encontrada
[2022-11-13T17:52:36.013] [WARN] warn - Pagina no encontrada
[2022-11-13T17:52:50.809] [WARN] warn - Pagina no encontrada
[2022-11-13T17:52:58.769] [WARN] warn - Pagina no encontrada
[2022-11-13T17:53:13.473] [WARN] warn - Pagina no encontrada
[2022-11-13T17:53:24.284] [WARN] warn - Pagina no encontrada
[2022-11-13T17:53:42.483] [WARN] warn - Pagina no encontrada
[2022-11-13T17:53:42.949] [WARN] warn - Pagina no encontrada
[2022-11-13T17:53:53.593] [WARN] warn - Pagina no encontrada
[2022-11-13T17:53:55.748] [WARN] warn - Pagina no encontrada
[2022-11-13T17:54:09.272] [WARN] warn - Pagina no encontrada
[2022-11-13T17:54:10.010] [WARN] warn - Pagina no encontrada
[2022-11-13T17:54:17.356] [WARN] warn - Pagina no encontrada
[2022-11-13T17:54:20.236] [WARN] warn - Pagina no encontrada
[2022-11-13T17:54:21.309] [WARN] warn - Pagina no encontrada
[2022-11-13T17:55:03.171] [WARN] warn - Pagina no encontrada
[2022-11-13T17:55:04.805] [WARN] warn - Pagina no encontrada
[2022-11-13T17:55:10.171] [WARN] warn - Pagina no encontrada
[2022-11-13T17:55:12.686] [WARN] warn - Pagina no encontrada
[2022-11-13T17:55:13.816] [WARN] warn - Pagina no encontrada
[2022-11-13T17:55:14.243] [WARN] warn - Pagina no encontrada
[2022-11-13T18:05:14.182] [WARN] warn - Pagina no encontrada
[2022-11-13T18:05:16.668] [WARN] warn - Pagina no encontrada
[2022-11-13T18:05:16.681] [WARN] warn - Pagina no encontrada
[2022-11-13T18:05:18.542] [WARN] warn - Pagina no encontrada
[2022-11-13T18:05:22.104] [WARN] warn - Pagina no encontrada
[2022-11-13T18:06:28.752] [WARN] warn - Pagina no encontrada
[2022-11-13T18:06:30.947] [WARN] warn - Pagina no encontrada
[2022-11-13T18:06:36.227] [WARN] warn - Pagina no encontrada
[2022-11-13T18:06:46.326] [WARN] warn - Pagina no encontrada
[2022-11-13T18:06:49.537] [WARN] warn - Pagina no encontrada
[2022-11-13T18:06:52.635] [WARN] warn - Pagina no encontrada
[2022-11-13T18:06:55.729] [WARN] warn - Pagina no encontrada
[2022-11-13T18:06:59.157] [WARN] warn - Pagina no encontrada
[2022-11-13T18:06:59.999] [WARN] warn - Pagina no encontrada
[2022-11-13T18:07:01.921] [WARN] warn - Pagina no encontrada
[2022-11-13T18:07:01.932] [WARN] warn - Pagina no encontrada
[2022-11-13T18:07:07.495] [WARN] warn - Pagina no encontrada
[2022-11-13T18:07:09.181] [WARN] warn - Pagina no encontrada
[2022-11-13T18:07:10.456] [WARN] warn - Pagina no encontrada
[2022-11-13T18:07:11.887] [WARN] warn - Pagina no encontrada
[2022-11-13T18:07:54.894] [WARN] warn - Pagina no encontrada
[2022-11-13T18:07:55.142] [WARN] warn - Pagina no encontrada
[2022-11-13T18:07:55.308] [WARN] warn - Pagina no encontrada
[2022-11-13T18:07:57.484] [WARN] warn - Pagina no encontrada
[2022-11-13T18:07:58.788] [WARN] warn - Pagina no encontrada
[2022-11-13T18:08:00.366] [WARN] warn - Pagina no encontrada
[2022-11-13T18:08:01.659] [WARN] warn - Pagina no encontrada
[2022-11-13T18:08:02.838] [WARN] warn - Pagina no encontrada
[2022-11-13T18:08:04.345] [WARN] warn - Pagina no encontrada
[2022-11-13T18:08:07.649] [WARN] warn - Pagina no encontrada
[2022-11-13T18:08:09.239] [WARN] warn - Pagina no encontrada
[2022-11-13T18:08:10.053] [WARN] warn - Pagina no encontrada
[2022-11-13T18:08:10.070] [WARN] warn - Pagina no encontrada
[2022-11-13T18:08:13.343] [WARN] warn - Pagina no encontrada
[2022-11-13T18:08:14.478] [WARN] warn - Pagina no encontrada
[2022-11-13T18:08:14.492] [WARN] warn - Pagina no encontrada
[2022-11-13T18:08:16.903] [WARN] warn - Pagina no encontrada
[2022-11-13T18:08:33.572] [WARN] warn - Pagina no encontrada
[2022-11-13T18:08:34.732] [WARN] warn - Pagina no encontrada
[2022-11-13T18:08:36.124] [WARN] warn - Pagina no encontrada
[2022-11-13T18:08:37.504] [WARN] warn - Pagina no encontrada
[2022-11-13T18:08:37.519] [WARN] warn - Pagina no encontrada
[2022-11-13T18:08:42.921] [WARN] warn - Pagina no encontrada
[2022-11-13T18:08:45.636] [WARN] warn - Pagina no encontrada
[2022-11-13T18:08:45.649] [WARN] warn - Pagina no encontrada
[2022-11-13T18:08:46.887] [WARN] warn - Pagina no encontrada
[2022-11-13T18:08:50.123] [WARN] warn - Pagina no encontrada
[2022-11-13T18:08:53.264] [WARN] warn - Pagina no encontrada
[2022-11-13T18:09:07.517] [WARN] warn - Pagina no encontrada
[2022-11-13T18:09:28.777] [WARN] warn - Pagina no encontrada
[2022-11-13T18:09:33.163] [WARN] warn - Pagina no encontrada
[2022-11-13T18:09:34.470] [WARN] warn - Pagina no encontrada
[2022-11-13T18:09:35.422] [WARN] warn - Pagina no encontrada
[2022-11-13T18:09:35.435] [WARN] warn - Pagina no encontrada
[2022-11-13T18:09:38.991] [WARN] warn - Pagina no encontrada
[2022-11-13T18:11:40.401] [WARN] warn - Pagina no encontrada
[2022-11-13T18:11:40.573] [WARN] warn - Pagina no encontrada
[2022-11-13T18:11:40.584] [WARN] warn - Pagina no encontrada
[2022-11-13T18:11:44.889] [WARN] warn - Pagina no encontrada
[2022-11-13T18:11:46.149] [WARN] warn - Pagina no encontrada
[2022-11-13T18:11:46.164] [WARN] warn - Pagina no encontrada
[2022-11-13T18:11:48.837] [WARN] warn - Pagina no encontrada
[2022-11-13T18:12:26.978] [WARN] warn - Pagina no encontrada
[2022-11-13T18:12:26.995] [WARN] warn - Pagina no encontrada
[2022-11-13T18:12:33.061] [WARN] warn - Pagina no encontrada
[2022-11-13T18:12:35.262] [WARN] warn - Pagina no encontrada
[2022-11-13T18:12:36.097] [WARN] warn - Pagina no encontrada
[2022-11-13T18:12:39.940] [WARN] warn - Pagina no encontrada
[2022-11-13T18:12:40.911] [WARN] warn - Pagina no encontrada
[2022-11-13T18:12:42.536] [WARN] warn - Pagina no encontrada
[2022-11-13T18:12:44.487] [WARN] warn - Pagina no encontrada
[2022-11-13T18:12:45.504] [WARN] warn - Pagina no encontrada
[2022-11-13T18:12:46.863] [WARN] warn - Pagina no encontrada
[2022-11-13T18:12:54.492] [WARN] warn - Pagina no encontrada
[2022-11-13T18:12:55.550] [WARN] warn - Pagina no encontrada
[2022-11-13T18:12:56.846] [WARN] warn - Pagina no encontrada
[2022-11-13T18:12:57.796] [WARN] warn - Pagina no encontrada
[2022-11-13T18:12:59.604] [WARN] warn - Pagina no encontrada
[2022-11-13T18:13:00.129] [WARN] warn - Pagina no encontrada
[2022-11-13T18:13:01.497] [WARN] warn - Pagina no encontrada
[2022-11-13T18:13:04.294] [WARN] warn - Pagina no encontrada
[2022-11-13T18:13:10.435] [WARN] warn - Pagina no encontrada
[2022-11-13T18:13:10.455] [WARN] warn - Pagina no encontrada
[2022-11-13T18:13:20.875] [WARN] warn - Pagina no encontrada
[2022-11-13T18:13:22.481] [WARN] warn - Pagina no encontrada
[2022-11-13T18:13:22.496] [WARN] warn - Pagina no encontrada
[2022-11-13T18:13:23.420] [WARN] warn - Pagina no encontrada
[2022-11-13T18:13:50.458] [WARN] warn - Pagina no encontrada
[2022-11-13T18:13:56.645] [WARN] warn - Pagina no encontrada
[2022-11-13T18:13:56.754] [WARN] warn - Pagina no encontrada
[2022-11-13T18:13:58.048] [WARN] warn - Pagina no encontrada
[2022-11-13T18:13:59.629] [WARN] warn - Pagina no encontrada
[2022-11-13T18:14:12.264] [WARN] warn - Pagina no encontrada
[2022-11-13T18:14:14.258] [WARN] warn - Pagina no encontrada
[2022-11-13T18:14:15.323] [WARN] warn - Pagina no encontrada
[2022-11-13T18:14:15.336] [WARN] warn - Pagina no encontrada
[2022-11-13T18:14:24.521] [WARN] warn - Pagina no encontrada
[2022-11-13T18:14:26.211] [WARN] warn - Pagina no encontrada
[2022-11-13T18:32:05.498] [WARN] warn - Pagina no encontrada
[2022-11-13T18:32:05.649] [WARN] warn - Pagina no encontrada
[2022-11-13T18:32:10.294] [WARN] warn - Pagina no encontrada
[2022-11-13T18:32:29.426] [WARN] warn - Pagina no encontrada
[2022-11-13T18:32:40.121] [WARN] warn - Pagina no encontrada
[2022-11-13T18:32:40.201] [WARN] warn - Pagina no encontrada
[2022-11-13T18:33:26.182] [WARN] warn - Pagina no encontrada
[2022-11-13T18:33:26.231] [WARN] warn - Pagina no encontrada
[2022-11-13T18:34:25.826] [WARN] warn - Pagina no encontrada
[2022-11-13T18:34:25.877] [WARN] warn - Pagina no encontrada
[2022-11-13T18:34:26.472] [WARN] warn - Pagina no encontrada
[2022-11-13T18:34:26.524] [WARN] warn - Pagina no encontrada
[2022-11-13T18:34:26.727] [WARN] warn - Pagina no encontrada
[2022-11-13T18:34:26.774] [WARN] warn - Pagina no encontrada
[2022-11-13T18:34:26.930] [WARN] warn - Pagina no encontrada
[2022-11-13T18:34:26.993] [WARN] warn - Pagina no encontrada
[2022-11-13T18:35:43.244] [WARN] warn - Pagina no encontrada
[2022-11-13T18:36:53.165] [WARN] warn - Pagina no encontrada
[2022-11-13T18:36:53.298] [WARN] warn - Pagina no encontrada
[2022-11-13T18:36:57.018] [WARN] warn - Pagina no encontrada
[2022-11-13T18:37:15.039] [WARN] warn - Pagina no encontrada
[2022-11-14T08:35:32.722] [WARN] warn - Pagina no encontrada
[2022-11-14T08:35:32.896] [WARN] warn - Pagina no encontrada
[2022-11-14T08:37:31.449] [WARN] warn - Pagina no encontrada
[2022-11-14T08:37:31.549] [WARN] warn - Pagina no encontrada
[2022-11-14T08:37:36.051] [WARN] warn - Pagina no encontrada
[2022-11-14T08:43:15.276] [WARN] warn - Pagina no encontrada
[2022-11-14T08:43:15.504] [WARN] warn - Pagina no encontrada
[2022-11-14T08:44:56.220] [WARN] warn - Pagina no encontrada
[2022-11-14T08:44:56.290] [WARN] warn - Pagina no encontrada
[2022-11-14T08:44:59.949] [WARN] warn - Pagina no encontrada
[2022-11-14T08:45:06.694] [WARN] warn - Pagina no encontrada
[2022-11-14T08:45:09.308] [WARN] warn - Pagina no encontrada
[2022-11-14T08:45:10.986] [WARN] warn - Pagina no encontrada
[2022-11-14T08:45:11.007] [WARN] warn - Pagina no encontrada
[2022-11-14T08:45:15.205] [WARN] warn - Pagina no encontrada
[2022-11-14T08:45:18.092] [WARN] warn - Pagina no encontrada
[2022-11-14T08:45:18.114] [WARN] warn - Pagina no encontrada
[2022-11-14T08:45:21.789] [WARN] warn - Pagina no encontrada
[2022-11-14T08:45:24.215] [WARN] warn - Pagina no encontrada
[2022-11-14T08:45:26.399] [WARN] warn - Pagina no encontrada
[2022-11-14T08:45:27.575] [WARN] warn - Pagina no encontrada
[2022-11-14T08:45:29.317] [WARN] warn - Pagina no encontrada
[2022-11-14T08:45:31.101] [WARN] warn - Pagina no encontrada
[2022-11-14T12:20:48.942] [WARN] warn - Pagina no encontrada
[2022-11-14T12:20:49.173] [WARN] warn - Pagina no encontrada
[2022-11-14T12:22:05.016] [WARN] warn - Pagina no encontrada
[2022-11-14T12:22:05.203] [WARN] warn - Pagina no encontrada
[2022-11-14T12:32:23.916] [WARN] warn - Pagina no encontrada
[2022-11-14T12:32:24.074] [WARN] warn - Pagina no encontrada
[2022-11-14T12:42:26.178] [WARN] warn - Pagina no encontrada
[2022-11-14T12:42:26.222] [WARN] warn - Pagina no encontrada
[2022-11-14T12:42:31.463] [WARN] warn - Pagina no encontrada
[2022-11-14T12:51:00.631] [WARN] warn - Pagina no encontrada
[2022-11-14T12:51:00.672] [WARN] warn - Pagina no encontrada
[2022-11-14T12:51:07.279] [WARN] warn - Pagina no encontrada
[2022-11-14T13:00:49.464] [WARN] warn - Pagina no encontrada
[2022-11-14T13:00:49.847] [WARN] warn - Pagina no encontrada
[2022-11-14T13:01:05.320] [WARN] warn - Pagina no encontrada
[2022-11-14T13:04:05.686] [WARN] warn - Pagina no encontrada
[2022-11-14T13:04:05.771] [WARN] warn - Pagina no encontrada
[2022-11-14T13:04:10.352] [WARN] warn - Pagina no encontrada
[2022-11-14T13:04:20.932] [WARN] warn - Pagina no encontrada
[2022-11-14T13:04:22.692] [WARN] warn - Pagina no encontrada
[2022-11-14T13:04:23.770] [WARN] warn - Pagina no encontrada
[2022-11-14T13:04:24.735] [WARN] warn - Pagina no encontrada
[2022-11-15T09:37:02.443] [WARN] warn - Pagina no encontrada
[2022-11-15T09:37:02.533] [WARN] warn - Pagina no encontrada
[2022-11-15T09:38:28.437] [WARN] warn - Pagina no encontrada
[2022-11-15T09:38:28.460] [WARN] warn - Pagina no encontrada
[2022-11-15T09:38:39.887] [WARN] warn - Pagina no encontrada
[2022-11-15T09:38:39.896] [WARN] warn - Pagina no encontrada
[2022-11-15T09:38:44.474] [WARN] warn - Pagina no encontrada
[2022-11-15T09:38:51.334] [WARN] warn - Pagina no encontrada
[2022-11-15T09:38:52.672] [WARN] warn - Pagina no encontrada
[2022-11-15T09:38:52.685] [WARN] warn - Pagina no encontrada
[2022-11-15T09:38:54.056] [WARN] warn - Pagina no encontrada
[2022-11-15T09:38:59.678] [WARN] warn - Pagina no encontrada
[2022-11-15T09:39:04.045] [WARN] warn - Pagina no encontrada
[2022-11-15T09:39:04.956] [WARN] warn - Pagina no encontrada
[2022-11-15T09:39:04.971] [WARN] warn - Pagina no encontrada
[2022-11-15T09:39:11.609] [WARN] warn - Pagina no encontrada
[2022-11-15T09:39:31.558] [WARN] warn - Pagina no encontrada
[2022-11-15T09:40:14.213] [WARN] warn - Pagina no encontrada
[2022-11-15T09:40:22.554] [WARN] warn - Pagina no encontrada
[2022-11-15T09:40:53.011] [WARN] warn - Pagina no encontrada
[2022-11-15T09:40:55.844] [WARN] warn - Pagina no encontrada
[2022-11-15T10:40:47.953] [WARN] warn - Pagina no encontrada
